<?xml version="1.0" encoding="UTF-8"?>
<!-- Generated by org.testng.reporters.JUnitReportReporter -->
<testsuite skipped="0" hostname="005820" name="com.qa.Runner.TestRunner" tests="1" failures="0" timestamp="18 Feb 2020 17:08:12 GMT" time="19.011" errors="0">
  <testcase name="feature" time="19.011" classname="com.qa.Runner.TestRunner"/>
</testsuite> <!-- com.qa.Runner.TestRunner -->
