<?xml version="1.0" encoding="UTF-8"?>
<!-- Generated by org.testng.reporters.JUnitReportReporter -->
<testsuite skipped="0" hostname="005820" name="com.qa.Runner.TestRunner" tests="1" failures="0" timestamp="19 Feb 2020 04:11:22 GMT" time="13.967" errors="0">
  <testcase name="feature" time="13.967" classname="com.qa.Runner.TestRunner"/>
</testsuite> <!-- com.qa.Runner.TestRunner -->
