<?xml version="1.0" encoding="UTF-8"?>
<!-- Generated by org.testng.reporters.JUnitReportReporter -->
<testsuite skipped="0" hostname="005820" name="com.qa.Runner.TestRunner" tests="1" failures="0" timestamp="19 Feb 2020 09:52:27 GMT" time="17.222" errors="0">
  <testcase name="feature" time="17.222" classname="com.qa.Runner.TestRunner"/>
</testsuite> <!-- com.qa.Runner.TestRunner -->
